<?xml version="1.0" encoding="UTF-8"?>
<TestRun id="1b3be6a6-8f61-4179-87b4-f9ac667d49ad" name="Visar.Elmazi@SKL-VISAR-ELMA1 2015-06-15 13:44:22" runUser="SEAVUS-CORP\Visar.Elmazi" xmlns="http://microsoft.com/schemas/VisualStudio/TeamTest/2010">
  <TestSettings name="Local" id="f1b98136-dbb8-45d0-8178-a717adb7bc24">
    <Description>These are default test settings for a local test run.</Description>
    <Deployment enabled="false" runDeploymentRoot="Visar.Elmazi_SKL-VISAR-ELMA1 2015-06-15 13_44_22">
      <DeploymentItem filename="C:\Users\visar.elmazi\Downloads\QAAutomationSamplev2\QAAutomationSample\packages\SpecFlow.1.9.0\lib\net35\TechTalk.SpecFlow.dll" />
      <DeploymentItem filename="C:\Users\visar.elmazi\Downloads\QAAutomationSamplev2\QAAutomationSample\SeleniumHelper\bin\Debug\Seavus.Framework.SeleniumPageAutomation.dll" />
    </Deployment>
    <Execution>
      <TestTypeSpecific />
      <AgentRule name="Execution Agents">
      </AgentRule>
    </Execution>
  </TestSettings>
  <Times creation="2015-06-15T13:44:22.3226334+02:00" queuing="2015-06-15T13:44:22.3586598+02:00" start="2015-06-15T13:44:22.3656640+02:00" finish="2015-06-15T13:44:36.2726203+02:00" />
  <ResultSummary outcome="Failed">
    <Counters total="6" executed="6" passed="5" error="0" failed="1" timeout="0" aborted="0" inconclusive="0" passedButRunAborted="0" notRunnable="0" notExecuted="0" disconnected="0" warning="0" completed="0" inProgress="0" pending="0" />
  </ResultSummary>
  <TestDefinitions>
    <UnitTest name="MultiplyTwoNumbers" storage="c:\users\visar.elmazi\downloads\qaautomationsamplev2\qaautomationsample\calculatorwebtests\bin\debug\calculatorwebtests.dll" id="f52a664a-b82f-b5a5-67f6-00c23bac0d2a">
      <Description>Multiply two numbers</Description>
      <Execution id="42753a7b-fcd5-4b5f-b525-c478e0506427" />
      <Properties>
        <Property>
          <Key>FeatureTitle</Key>
          <Value>Calculator</Value>
        </Property>
      </Properties>
      <TestMethod codeBase="C:/Users/visar.elmazi/Downloads/QAAutomationSamplev2/QAAutomationSample/CalculatorWebTests/bin/Debug/CalculatorWebTests.DLL" adapterTypeName="Microsoft.VisualStudio.TestTools.TestTypes.Unit.UnitTestAdapter, Microsoft.VisualStudio.QualityTools.Tips.UnitTest.Adapter, Version=10.0.0.0, Culture=neutral, PublicKeyToken=b03f5f7f11d50a3a" className="CalculatorWebTests.CalculatorFeature, CalculatorWebTests, Version=1.0.0.0, Culture=neutral, PublicKeyToken=null" name="MultiplyTwoNumbers" />
    </UnitTest>
    <UnitTest name="PerformListOfOperations" storage="c:\users\visar.elmazi\downloads\qaautomationsamplev2\qaautomationsample\calculatorwebtests\bin\debug\calculatorwebtests.dll" id="10c32a00-0465-17be-2ae0-155929228565">
      <Description>PerformListOfOperations</Description>
      <Execution id="fa77e4d6-ca9e-4e9d-9278-cee9a99694c8" />
      <Properties>
        <Property>
          <Key>FeatureTitle</Key>
          <Value>Calculator</Value>
        </Property>
      </Properties>
      <TestMethod codeBase="C:/Users/visar.elmazi/Downloads/QAAutomationSamplev2/QAAutomationSample/CalculatorWebTests/bin/Debug/CalculatorWebTests.DLL" adapterTypeName="Microsoft.VisualStudio.TestTools.TestTypes.Unit.UnitTestAdapter, Microsoft.VisualStudio.QualityTools.Tips.UnitTest.Adapter, Version=10.0.0.0, Culture=neutral, PublicKeyToken=b03f5f7f11d50a3a" className="CalculatorWebTests.CalculatorFeature, CalculatorWebTests, Version=1.0.0.0, Culture=neutral, PublicKeyToken=null" name="PerformListOfOperations" />
    </UnitTest>
    <UnitTest name="PerformSetOfOperations" storage="c:\users\visar.elmazi\downloads\qaautomationsamplev2\qaautomationsample\calculatorwebtests\bin\debug\calculatorwebtests.dll" id="e74dee76-1004-6655-697d-b296c6102100">
      <Description>PerformSetOfOperations</Description>
      <Execution id="7c1967b9-f373-4292-a9c9-fdb206f0f1e0" />
      <Properties>
        <Property>
          <Key>FeatureTitle</Key>
          <Value>Calculator</Value>
        </Property>
      </Properties>
      <TestMethod codeBase="C:/Users/visar.elmazi/Downloads/QAAutomationSamplev2/QAAutomationSample/CalculatorWebTests/bin/Debug/CalculatorWebTests.DLL" adapterTypeName="Microsoft.VisualStudio.TestTools.TestTypes.Unit.UnitTestAdapter, Microsoft.VisualStudio.QualityTools.Tips.UnitTest.Adapter, Version=10.0.0.0, Culture=neutral, PublicKeyToken=b03f5f7f11d50a3a" className="CalculatorWebTests.CalculatorFeature, CalculatorWebTests, Version=1.0.0.0, Culture=neutral, PublicKeyToken=null" name="PerformSetOfOperations" />
    </UnitTest>
    <UnitTest name="SubstractTwoNumbers" storage="c:\users\visar.elmazi\downloads\qaautomationsamplev2\qaautomationsample\calculatorwebtests\bin\debug\calculatorwebtests.dll" id="63f9fb13-8618-1764-fc21-d9118ddedef5">
      <Description>Substract two numbers</Description>
      <Execution id="78f9e4bf-9e8d-4737-b20a-37a968e28748" />
      <Properties>
        <Property>
          <Key>FeatureTitle</Key>
          <Value>Calculator</Value>
        </Property>
      </Properties>
      <TestMethod codeBase="C:/Users/visar.elmazi/Downloads/QAAutomationSamplev2/QAAutomationSample/CalculatorWebTests/bin/Debug/CalculatorWebTests.DLL" adapterTypeName="Microsoft.VisualStudio.TestTools.TestTypes.Unit.UnitTestAdapter, Microsoft.VisualStudio.QualityTools.Tips.UnitTest.Adapter, Version=10.0.0.0, Culture=neutral, PublicKeyToken=b03f5f7f11d50a3a" className="CalculatorWebTests.CalculatorFeature, CalculatorWebTests, Version=1.0.0.0, Culture=neutral, PublicKeyToken=null" name="SubstractTwoNumbers" />
    </UnitTest>
    <UnitTest name="AddTwoNumbers" storage="c:\users\visar.elmazi\downloads\qaautomationsamplev2\qaautomationsample\calculatorwebtests\bin\debug\calculatorwebtests.dll" id="f71858f3-f563-da6e-2eab-ae1f309c3f5b">
      <Description>Add two numbers</Description>
      <Execution id="1c4a5ab6-94c2-424d-9c30-8dbd5acaaa57" />
      <Properties>
        <Property>
          <Key>FeatureTitle</Key>
          <Value>Calculator</Value>
        </Property>
      </Properties>
      <TestMethod codeBase="C:/Users/visar.elmazi/Downloads/QAAutomationSamplev2/QAAutomationSample/CalculatorWebTests/bin/Debug/CalculatorWebTests.DLL" adapterTypeName="Microsoft.VisualStudio.TestTools.TestTypes.Unit.UnitTestAdapter, Microsoft.VisualStudio.QualityTools.Tips.UnitTest.Adapter, Version=10.0.0.0, Culture=neutral, PublicKeyToken=b03f5f7f11d50a3a" className="CalculatorWebTests.CalculatorFeature, CalculatorWebTests, Version=1.0.0.0, Culture=neutral, PublicKeyToken=null" name="AddTwoNumbers" />
    </UnitTest>
    <UnitTest name="DivideTwoNumbers" storage="c:\users\visar.elmazi\downloads\qaautomationsamplev2\qaautomationsample\calculatorwebtests\bin\debug\calculatorwebtests.dll" id="a5d29b20-071c-7dd7-33ce-54f58c98b8a5">
      <Description>Divide two numbers</Description>
      <Execution id="57977388-5aa6-408d-aa54-be20c4316731" />
      <Properties>
        <Property>
          <Key>FeatureTitle</Key>
          <Value>Calculator</Value>
        </Property>
      </Properties>
      <TestMethod codeBase="C:/Users/visar.elmazi/Downloads/QAAutomationSamplev2/QAAutomationSample/CalculatorWebTests/bin/Debug/CalculatorWebTests.DLL" adapterTypeName="Microsoft.VisualStudio.TestTools.TestTypes.Unit.UnitTestAdapter, Microsoft.VisualStudio.QualityTools.Tips.UnitTest.Adapter, Version=10.0.0.0, Culture=neutral, PublicKeyToken=b03f5f7f11d50a3a" className="CalculatorWebTests.CalculatorFeature, CalculatorWebTests, Version=1.0.0.0, Culture=neutral, PublicKeyToken=null" name="DivideTwoNumbers" />
    </UnitTest>
  </TestDefinitions>
  <TestLists>
    <TestList name="Results Not in a List" id="8c84fa94-04c1-424b-9868-57a2d4851a1d" />
    <TestList name="All Loaded Results" id="19431567-8539-422a-85d7-44ee4e166bda" />
  </TestLists>
  <TestEntries>
    <TestEntry testId="10c32a00-0465-17be-2ae0-155929228565" executionId="fa77e4d6-ca9e-4e9d-9278-cee9a99694c8" testListId="8c84fa94-04c1-424b-9868-57a2d4851a1d" />
    <TestEntry testId="63f9fb13-8618-1764-fc21-d9118ddedef5" executionId="78f9e4bf-9e8d-4737-b20a-37a968e28748" testListId="8c84fa94-04c1-424b-9868-57a2d4851a1d" />
    <TestEntry testId="a5d29b20-071c-7dd7-33ce-54f58c98b8a5" executionId="57977388-5aa6-408d-aa54-be20c4316731" testListId="8c84fa94-04c1-424b-9868-57a2d4851a1d" />
    <TestEntry testId="e74dee76-1004-6655-697d-b296c6102100" executionId="7c1967b9-f373-4292-a9c9-fdb206f0f1e0" testListId="8c84fa94-04c1-424b-9868-57a2d4851a1d" />
    <TestEntry testId="f52a664a-b82f-b5a5-67f6-00c23bac0d2a" executionId="42753a7b-fcd5-4b5f-b525-c478e0506427" testListId="8c84fa94-04c1-424b-9868-57a2d4851a1d" />
    <TestEntry testId="f71858f3-f563-da6e-2eab-ae1f309c3f5b" executionId="1c4a5ab6-94c2-424d-9c30-8dbd5acaaa57" testListId="8c84fa94-04c1-424b-9868-57a2d4851a1d" />
  </TestEntries>
  <Results>
    <UnitTestResult executionId="fa77e4d6-ca9e-4e9d-9278-cee9a99694c8" testId="10c32a00-0465-17be-2ae0-155929228565" testName="PerformListOfOperations" computerName="SKL-VISAR-ELMA1" duration="00:00:07.0667579" startTime="2015-06-15T13:44:22.3686670+02:00" endTime="2015-06-15T13:44:29.6639383+02:00" testType="13cdc9d9-ddb5-4fa4-a97d-d965ccfc6d4b" outcome="Passed" testListId="8c84fa94-04c1-424b-9868-57a2d4851a1d" relativeResultsDirectory="fa77e4d6-ca9e-4e9d-9278-cee9a99694c8">
      <Output>
        <StdOut>Given I open calculator
-&gt; done: CalculatorSteps.GivenIOpenCalculator() (4.5s)
When Calculate
  --- table step argument ---
  | a    | op | b    | equals |
  | 5.33 | +  | 4.67 | 10.0   |
  | 3.33 | x  | 3.00 | 9.99   |
  | 3.33 | x  | 3.00 | 9.99   |
  | 3.33 | x  | 3.00 | 9.99   |
  | 3.33 | x  | 3.00 | 9.99   |
  | 3.33 | x  | 3.00 | 9.99   |
  | 3.33 | x  | 3.00 | 9.99   |
  | 3.33 | x  | 3.00 | 9.99   |
  | 3.33 | x  | 3.00 | 9.99   |
-&gt; done: CalculatorSteps.WhenCalculate(&lt;table&gt;) (2.5s)</StdOut>
      </Output>
    </UnitTestResult>
    <UnitTestResult executionId="78f9e4bf-9e8d-4737-b20a-37a968e28748" testId="63f9fb13-8618-1764-fc21-d9118ddedef5" testName="SubstractTwoNumbers" computerName="SKL-VISAR-ELMA1" duration="00:00:00.5371982" startTime="2015-06-15T13:44:29.6659200+02:00" endTime="2015-06-15T13:44:30.2053037+02:00" testType="13cdc9d9-ddb5-4fa4-a97d-d965ccfc6d4b" outcome="Passed" testListId="8c84fa94-04c1-424b-9868-57a2d4851a1d" relativeResultsDirectory="78f9e4bf-9e8d-4737-b20a-37a968e28748">
      <Output>
        <StdOut>Given I open calculator
-&gt; done: CalculatorSteps.GivenIOpenCalculator() (0.0s)
When I enter 80.44
-&gt; done: CalculatorSteps.WhenIEnter(80.44) (0.2s)
And I press "-"
-&gt; done: CalculatorSteps.WhenIPress("-") (0.0s)
And I enter 70.33
-&gt; done: CalculatorSteps.WhenIEnter(70.33) (0.2s)
And I press "="
-&gt; done: CalculatorSteps.WhenIPress("=") (0.0s)
Then the result should be 10.11
-&gt; done: CalculatorSteps.ThenTheResultShouldBe(10.11) (0.0s)</StdOut>
      </Output>
    </UnitTestResult>
    <UnitTestResult executionId="57977388-5aa6-408d-aa54-be20c4316731" testId="a5d29b20-071c-7dd7-33ce-54f58c98b8a5" testName="DivideTwoNumbers" computerName="SKL-VISAR-ELMA1" duration="00:00:00.5479514" startTime="2015-06-15T13:44:30.2083066+02:00" endTime="2015-06-15T13:44:30.7587175+02:00" testType="13cdc9d9-ddb5-4fa4-a97d-d965ccfc6d4b" outcome="Failed" testListId="8c84fa94-04c1-424b-9868-57a2d4851a1d" relativeResultsDirectory="57977388-5aa6-408d-aa54-be20c4316731">
      <Output>
        <StdOut>Given I open calculator
-&gt; done: CalculatorSteps.GivenIOpenCalculator() (0.0s)
When I enter 50.22
-&gt; done: CalculatorSteps.WhenIEnter(50.22) (0.2s)
And I press "/"
-&gt; done: CalculatorSteps.WhenIPress("/") (0.1s)
And I enter 7.33
-&gt; done: CalculatorSteps.WhenIEnter(7.33) (0.2s)
And I press "="
-&gt; done: CalculatorSteps.WhenIPress("=") (0.0s)
Then the result should be 6.85
-&gt; error: Assert.AreEqual failed. Expected:&lt;6.85&gt;. Actual:&lt;7.33&gt;.</StdOut>
        <ErrorInfo>
          <Message>Assert.AreEqual failed. Expected:&lt;6.85&gt;. Actual:&lt;7.33&gt;. </Message>
          <StackTrace>   at CalculatorWebTests.CalculatorSteps.ThenTheResultShouldBe(Double p0) in C:\Users\visar.elmazi\Downloads\QAAutomationSamplev2\QAAutomationSample\CalculatorWebTests\CalculatorSteps.cs:line 67
   at lambda_method(Closure , IContextManager , Double )
   at TechTalk.SpecFlow.Bindings.BindingInvoker.InvokeBinding(IBinding binding, IContextManager contextManager, Object[] arguments, ITestTracer testTracer, TimeSpan&amp; duration)
   at TechTalk.SpecFlow.Infrastructure.TestExecutionEngine.ExecuteStepMatch(BindingMatch match, Object[] arguments)
   at TechTalk.SpecFlow.Infrastructure.TestExecutionEngine.ExecuteStep(StepInstance stepInstance)
   at TechTalk.SpecFlow.Infrastructure.TestExecutionEngine.OnAfterLastStep()
   at TechTalk.SpecFlow.TestRunner.CollectScenarioErrors()
   at CalculatorWebTests.CalculatorFeature.ScenarioCleanup() in C:\Users\visar.elmazi\Downloads\QAAutomationSamplev2\QAAutomationSample\CalculatorWebTests\Calculator.feature.cs:line 0
   at CalculatorWebTests.CalculatorFeature.DivideTwoNumbers() in c:\Users\visar.elmazi\Downloads\QAAutomationSamplev2\QAAutomationSample\CalculatorWebTests\Calculator.feature:line 34
</StackTrace>
        </ErrorInfo>
      </Output>
    </UnitTestResult>
    <UnitTestResult executionId="7c1967b9-f373-4292-a9c9-fdb206f0f1e0" testId="e74dee76-1004-6655-697d-b296c6102100" testName="PerformSetOfOperations" computerName="SKL-VISAR-ELMA1" duration="00:00:00.5653840" startTime="2015-06-15T13:44:30.7596984+02:00" endTime="2015-06-15T13:44:31.3271040+02:00" testType="13cdc9d9-ddb5-4fa4-a97d-d965ccfc6d4b" outcome="Passed" testListId="8c84fa94-04c1-424b-9868-57a2d4851a1d" relativeResultsDirectory="7c1967b9-f373-4292-a9c9-fdb206f0f1e0">
      <Output>
        <StdOut>Given I open calculator
-&gt; done: CalculatorSteps.GivenIOpenCalculator() (0.0s)
When I execute "5+3x4-2x3.33="
-&gt; done: CalculatorSteps.WhenIExecute("5+3x4-2x3.33=") (0.5s)
Then the result should be 99.9
-&gt; done: CalculatorSteps.ThenTheResultShouldBe(99.9) (0.0s)</StdOut>
      </Output>
    </UnitTestResult>
    <UnitTestResult executionId="42753a7b-fcd5-4b5f-b525-c478e0506427" testId="f52a664a-b82f-b5a5-67f6-00c23bac0d2a" testName="MultiplyTwoNumbers" computerName="SKL-VISAR-ELMA1" duration="00:00:00.3251131" startTime="2015-06-15T13:44:31.3311069+02:00" endTime="2015-06-15T13:44:31.6593390+02:00" testType="13cdc9d9-ddb5-4fa4-a97d-d965ccfc6d4b" outcome="Passed" testListId="8c84fa94-04c1-424b-9868-57a2d4851a1d" relativeResultsDirectory="42753a7b-fcd5-4b5f-b525-c478e0506427">
      <Output>
        <StdOut>Given I open calculator
-&gt; done: CalculatorSteps.GivenIOpenCalculator() (0.0s)
When I enter 5.55
-&gt; done: CalculatorSteps.WhenIEnter(5.55) (0.2s)
And I press "x"
-&gt; done: CalculatorSteps.WhenIPress("x") (0.0s)
And I enter 2.0
-&gt; done: CalculatorSteps.WhenIEnter(2) (0.0s)
And I press "="
-&gt; done: CalculatorSteps.WhenIPress("=") (0.0s)
Then the result should be 11.10
-&gt; done: CalculatorSteps.ThenTheResultShouldBe(11.1) (0.0s)</StdOut>
      </Output>
    </UnitTestResult>
    <UnitTestResult executionId="1c4a5ab6-94c2-424d-9c30-8dbd5acaaa57" testId="f71858f3-f563-da6e-2eab-ae1f309c3f5b" testName="AddTwoNumbers" computerName="SKL-VISAR-ELMA1" duration="00:00:01.5733996" startTime="2015-06-15T13:44:31.6613408+02:00" endTime="2015-06-15T13:44:33.2384583+02:00" testType="13cdc9d9-ddb5-4fa4-a97d-d965ccfc6d4b" outcome="Passed" testListId="8c84fa94-04c1-424b-9868-57a2d4851a1d" relativeResultsDirectory="1c4a5ab6-94c2-424d-9c30-8dbd5acaaa57">
      <Output>
        <StdOut>Given I open calculator
-&gt; done: CalculatorSteps.GivenIOpenCalculator() (1.1s)
When I enter 50.22
-&gt; done: CalculatorSteps.WhenIEnter(50.22) (0.2s)
And I press "+"
-&gt; done: CalculatorSteps.WhenIPress("+") (0.0s)
And I enter 70.33
-&gt; done: CalculatorSteps.WhenIEnter(70.33) (0.2s)
And I press "="
-&gt; done: CalculatorSteps.WhenIPress("=") (0.0s)
Then the result should be 120.55
-&gt; done: CalculatorSteps.ThenTheResultShouldBe(120.55) (0.0s)</StdOut>
      </Output>
    </UnitTestResult>
  </Results>
</TestRun>