<?xml version="1.0" encoding="UTF-8"?>
<TestRun id="a119557f-4c01-485f-bb11-6c0e312eb9c4" name="Visar.Elmazi@SKL-VISAR-ELMA1 2015-06-15 13:44:09" runUser="SEAVUS-CORP\Visar.Elmazi" xmlns="http://microsoft.com/schemas/VisualStudio/TeamTest/2010">
  <TestSettings name="Local" id="f1b98136-dbb8-45d0-8178-a717adb7bc24">
    <Description>These are default test settings for a local test run.</Description>
    <Deployment enabled="false" runDeploymentRoot="Visar.Elmazi_SKL-VISAR-ELMA1 2015-06-15 13_44_09">
      <DeploymentItem filename="C:\Users\visar.elmazi\Downloads\QAAutomationSamplev2\QAAutomationSample\packages\SpecFlow.1.9.0\lib\net35\TechTalk.SpecFlow.dll" />
      <DeploymentItem filename="C:\Users\visar.elmazi\Downloads\QAAutomationSamplev2\QAAutomationSample\SeleniumHelper\bin\Debug\Seavus.Framework.SeleniumPageAutomation.dll" />
    </Deployment>
    <Execution>
      <TestTypeSpecific />
      <AgentRule name="Execution Agents">
      </AgentRule>
    </Execution>
  </TestSettings>
  <Times creation="2015-06-15T13:44:09.7905966+02:00" queuing="2015-06-15T13:44:09.8576518+02:00" start="2015-06-15T13:44:09.8636565+02:00" finish="2015-06-15T13:44:18.3352724+02:00" />
  <ResultSummary outcome="Completed">
    <Counters total="1" executed="1" passed="1" error="0" failed="0" timeout="0" aborted="0" inconclusive="0" passedButRunAborted="0" notRunnable="0" notExecuted="0" disconnected="0" warning="0" completed="0" inProgress="0" pending="0" />
  </ResultSummary>
  <TestDefinitions>
    <UnitTest name="AddTwoNumbers" storage="c:\users\visar.elmazi\downloads\qaautomationsamplev2\qaautomationsample\calculatorwebtests\bin\debug\calculatorwebtests.dll" id="f71858f3-f563-da6e-2eab-ae1f309c3f5b">
      <Description>Add two numbers</Description>
      <Execution id="feb0d496-2228-47d7-a021-b00d7a7e390f" />
      <Properties>
        <Property>
          <Key>FeatureTitle</Key>
          <Value>Calculator</Value>
        </Property>
      </Properties>
      <TestMethod codeBase="C:/Users/visar.elmazi/Downloads/QAAutomationSamplev2/QAAutomationSample/CalculatorWebTests/bin/Debug/CalculatorWebTests.DLL" adapterTypeName="Microsoft.VisualStudio.TestTools.TestTypes.Unit.UnitTestAdapter, Microsoft.VisualStudio.QualityTools.Tips.UnitTest.Adapter, Version=10.0.0.0, Culture=neutral, PublicKeyToken=b03f5f7f11d50a3a" className="CalculatorWebTests.CalculatorFeature, CalculatorWebTests, Version=1.0.0.0, Culture=neutral, PublicKeyToken=null" name="AddTwoNumbers" />
    </UnitTest>
  </TestDefinitions>
  <TestLists>
    <TestList name="Results Not in a List" id="8c84fa94-04c1-424b-9868-57a2d4851a1d" />
    <TestList name="All Loaded Results" id="19431567-8539-422a-85d7-44ee4e166bda" />
  </TestLists>
  <TestEntries>
    <TestEntry testId="f71858f3-f563-da6e-2eab-ae1f309c3f5b" executionId="feb0d496-2228-47d7-a021-b00d7a7e390f" testListId="8c84fa94-04c1-424b-9868-57a2d4851a1d" />
  </TestEntries>
  <Results>
    <UnitTestResult executionId="feb0d496-2228-47d7-a021-b00d7a7e390f" testId="f71858f3-f563-da6e-2eab-ae1f309c3f5b" testName="AddTwoNumbers" computerName="SKL-VISAR-ELMA1" duration="00:00:05.1805889" startTime="2015-06-15T13:44:09.8666590+02:00" endTime="2015-06-15T13:44:15.2911032+02:00" testType="13cdc9d9-ddb5-4fa4-a97d-d965ccfc6d4b" outcome="Passed" testListId="8c84fa94-04c1-424b-9868-57a2d4851a1d" relativeResultsDirectory="feb0d496-2228-47d7-a021-b00d7a7e390f">
      <Output>
        <StdOut>Given I open calculator
-&gt; done: CalculatorSteps.GivenIOpenCalculator() (4.6s)
When I enter 50.22
-&gt; done: CalculatorSteps.WhenIEnter(50.22) (0.2s)
And I press "+"
-&gt; done: CalculatorSteps.WhenIPress("+") (0.0s)
And I enter 70.33
-&gt; done: CalculatorSteps.WhenIEnter(70.33) (0.2s)
And I press "="
-&gt; done: CalculatorSteps.WhenIPress("=") (0.0s)
Then the result should be 120.55
-&gt; done: CalculatorSteps.ThenTheResultShouldBe(120.55) (0.0s)</StdOut>
      </Output>
    </UnitTestResult>
  </Results>
</TestRun>