<?xml version="1.0" encoding="UTF-8"?>
<TestRun id="339655c9-2bc8-4630-bb87-ef772e4f2eb8" name="Visar.Elmazi@SKL-VISAR-ELMA1 2015-06-15 13:36:55" runUser="SEAVUS-CORP\Visar.Elmazi" xmlns="http://microsoft.com/schemas/VisualStudio/TeamTest/2010">
  <TestSettings name="Local" id="f1b98136-dbb8-45d0-8178-a717adb7bc24">
    <Description>These are default test settings for a local test run.</Description>
    <Deployment enabled="false" runDeploymentRoot="Visar.Elmazi_SKL-VISAR-ELMA1 2015-06-15 13_36_55">
      <DeploymentItem filename="C:\Users\visar.elmazi\Downloads\QAAutomationSamplev2\QAAutomationSample\packages\SpecFlow.1.9.0\lib\net35\TechTalk.SpecFlow.dll" />
      <DeploymentItem filename="C:\Users\visar.elmazi\Downloads\QAAutomationSamplev2\QAAutomationSample\SeleniumHelper\bin\Debug\Seavus.Framework.SeleniumPageAutomation.dll" />
    </Deployment>
    <Execution>
      <TestTypeSpecific />
      <AgentRule name="Execution Agents">
      </AgentRule>
    </Execution>
  </TestSettings>
  <Times creation="2015-06-15T13:36:55.5456194+02:00" queuing="2015-06-15T13:36:55.5876312+02:00" start="2015-06-15T13:36:55.5956365+02:00" finish="2015-06-15T13:37:09.8924395+02:00" />
  <ResultSummary outcome="Failed">
    <Counters total="6" executed="6" passed="5" error="0" failed="1" timeout="0" aborted="0" inconclusive="0" passedButRunAborted="0" notRunnable="0" notExecuted="0" disconnected="0" warning="0" completed="0" inProgress="0" pending="0" />
  </ResultSummary>
  <TestDefinitions>
    <UnitTest name="MultiplyTwoNumbers" storage="c:\users\visar.elmazi\downloads\qaautomationsamplev2\qaautomationsample\calculatorwebtests\bin\debug\calculatorwebtests.dll" id="f52a664a-b82f-b5a5-67f6-00c23bac0d2a">
      <Description>Multiply two numbers</Description>
      <Execution id="148e532b-0749-40d7-97c6-f76ff63a164c" />
      <Properties>
        <Property>
          <Key>FeatureTitle</Key>
          <Value>Calculator</Value>
        </Property>
      </Properties>
      <TestMethod codeBase="C:/Users/visar.elmazi/Downloads/QAAutomationSamplev2/QAAutomationSample/CalculatorWebTests/bin/Debug/CalculatorWebTests.DLL" adapterTypeName="Microsoft.VisualStudio.TestTools.TestTypes.Unit.UnitTestAdapter, Microsoft.VisualStudio.QualityTools.Tips.UnitTest.Adapter, Version=10.0.0.0, Culture=neutral, PublicKeyToken=b03f5f7f11d50a3a" className="CalculatorWebTests.CalculatorFeature, CalculatorWebTests, Version=1.0.0.0, Culture=neutral, PublicKeyToken=null" name="MultiplyTwoNumbers" />
    </UnitTest>
    <UnitTest name="PerformListOfOperations" storage="c:\users\visar.elmazi\downloads\qaautomationsamplev2\qaautomationsample\calculatorwebtests\bin\debug\calculatorwebtests.dll" id="10c32a00-0465-17be-2ae0-155929228565">
      <Description>PerformListOfOperations</Description>
      <Execution id="75e83d9a-95f2-4cfa-8b18-8375dd8ffe24" />
      <Properties>
        <Property>
          <Key>FeatureTitle</Key>
          <Value>Calculator</Value>
        </Property>
      </Properties>
      <TestMethod codeBase="C:/Users/visar.elmazi/Downloads/QAAutomationSamplev2/QAAutomationSample/CalculatorWebTests/bin/Debug/CalculatorWebTests.DLL" adapterTypeName="Microsoft.VisualStudio.TestTools.TestTypes.Unit.UnitTestAdapter, Microsoft.VisualStudio.QualityTools.Tips.UnitTest.Adapter, Version=10.0.0.0, Culture=neutral, PublicKeyToken=b03f5f7f11d50a3a" className="CalculatorWebTests.CalculatorFeature, CalculatorWebTests, Version=1.0.0.0, Culture=neutral, PublicKeyToken=null" name="PerformListOfOperations" />
    </UnitTest>
    <UnitTest name="PerformSetOfOperations" storage="c:\users\visar.elmazi\downloads\qaautomationsamplev2\qaautomationsample\calculatorwebtests\bin\debug\calculatorwebtests.dll" id="e74dee76-1004-6655-697d-b296c6102100">
      <Description>PerformSetOfOperations</Description>
      <Execution id="11687414-1a3b-4a44-841e-b071d3d0cd67" />
      <Properties>
        <Property>
          <Key>FeatureTitle</Key>
          <Value>Calculator</Value>
        </Property>
      </Properties>
      <TestMethod codeBase="C:/Users/visar.elmazi/Downloads/QAAutomationSamplev2/QAAutomationSample/CalculatorWebTests/bin/Debug/CalculatorWebTests.DLL" adapterTypeName="Microsoft.VisualStudio.TestTools.TestTypes.Unit.UnitTestAdapter, Microsoft.VisualStudio.QualityTools.Tips.UnitTest.Adapter, Version=10.0.0.0, Culture=neutral, PublicKeyToken=b03f5f7f11d50a3a" className="CalculatorWebTests.CalculatorFeature, CalculatorWebTests, Version=1.0.0.0, Culture=neutral, PublicKeyToken=null" name="PerformSetOfOperations" />
    </UnitTest>
    <UnitTest name="SubstractTwoNumbers" storage="c:\users\visar.elmazi\downloads\qaautomationsamplev2\qaautomationsample\calculatorwebtests\bin\debug\calculatorwebtests.dll" id="63f9fb13-8618-1764-fc21-d9118ddedef5">
      <Description>Substract two numbers</Description>
      <Execution id="43283285-bc7e-4363-b0eb-0572ef01dc83" />
      <Properties>
        <Property>
          <Key>FeatureTitle</Key>
          <Value>Calculator</Value>
        </Property>
      </Properties>
      <TestMethod codeBase="C:/Users/visar.elmazi/Downloads/QAAutomationSamplev2/QAAutomationSample/CalculatorWebTests/bin/Debug/CalculatorWebTests.DLL" adapterTypeName="Microsoft.VisualStudio.TestTools.TestTypes.Unit.UnitTestAdapter, Microsoft.VisualStudio.QualityTools.Tips.UnitTest.Adapter, Version=10.0.0.0, Culture=neutral, PublicKeyToken=b03f5f7f11d50a3a" className="CalculatorWebTests.CalculatorFeature, CalculatorWebTests, Version=1.0.0.0, Culture=neutral, PublicKeyToken=null" name="SubstractTwoNumbers" />
    </UnitTest>
    <UnitTest name="AddTwoNumbers" storage="c:\users\visar.elmazi\downloads\qaautomationsamplev2\qaautomationsample\calculatorwebtests\bin\debug\calculatorwebtests.dll" id="f71858f3-f563-da6e-2eab-ae1f309c3f5b">
      <Description>Add two numbers</Description>
      <Execution id="6d7e0a26-1341-4ffc-b093-556ab0cd58ff" />
      <Properties>
        <Property>
          <Key>FeatureTitle</Key>
          <Value>Calculator</Value>
        </Property>
      </Properties>
      <TestMethod codeBase="C:/Users/visar.elmazi/Downloads/QAAutomationSamplev2/QAAutomationSample/CalculatorWebTests/bin/Debug/CalculatorWebTests.DLL" adapterTypeName="Microsoft.VisualStudio.TestTools.TestTypes.Unit.UnitTestAdapter, Microsoft.VisualStudio.QualityTools.Tips.UnitTest.Adapter, Version=10.0.0.0, Culture=neutral, PublicKeyToken=b03f5f7f11d50a3a" className="CalculatorWebTests.CalculatorFeature, CalculatorWebTests, Version=1.0.0.0, Culture=neutral, PublicKeyToken=null" name="AddTwoNumbers" />
    </UnitTest>
    <UnitTest name="DivideTwoNumbers" storage="c:\users\visar.elmazi\downloads\qaautomationsamplev2\qaautomationsample\calculatorwebtests\bin\debug\calculatorwebtests.dll" id="a5d29b20-071c-7dd7-33ce-54f58c98b8a5">
      <Description>Divide two numbers</Description>
      <Execution id="28f74d8f-4590-454c-b2e9-1e831742392a" />
      <Properties>
        <Property>
          <Key>FeatureTitle</Key>
          <Value>Calculator</Value>
        </Property>
      </Properties>
      <TestMethod codeBase="C:/Users/visar.elmazi/Downloads/QAAutomationSamplev2/QAAutomationSample/CalculatorWebTests/bin/Debug/CalculatorWebTests.DLL" adapterTypeName="Microsoft.VisualStudio.TestTools.TestTypes.Unit.UnitTestAdapter, Microsoft.VisualStudio.QualityTools.Tips.UnitTest.Adapter, Version=10.0.0.0, Culture=neutral, PublicKeyToken=b03f5f7f11d50a3a" className="CalculatorWebTests.CalculatorFeature, CalculatorWebTests, Version=1.0.0.0, Culture=neutral, PublicKeyToken=null" name="DivideTwoNumbers" />
    </UnitTest>
  </TestDefinitions>
  <TestLists>
    <TestList name="Results Not in a List" id="8c84fa94-04c1-424b-9868-57a2d4851a1d" />
    <TestList name="All Loaded Results" id="19431567-8539-422a-85d7-44ee4e166bda" />
  </TestLists>
  <TestEntries>
    <TestEntry testId="10c32a00-0465-17be-2ae0-155929228565" executionId="75e83d9a-95f2-4cfa-8b18-8375dd8ffe24" testListId="8c84fa94-04c1-424b-9868-57a2d4851a1d" />
    <TestEntry testId="63f9fb13-8618-1764-fc21-d9118ddedef5" executionId="43283285-bc7e-4363-b0eb-0572ef01dc83" testListId="8c84fa94-04c1-424b-9868-57a2d4851a1d" />
    <TestEntry testId="a5d29b20-071c-7dd7-33ce-54f58c98b8a5" executionId="28f74d8f-4590-454c-b2e9-1e831742392a" testListId="8c84fa94-04c1-424b-9868-57a2d4851a1d" />
    <TestEntry testId="e74dee76-1004-6655-697d-b296c6102100" executionId="11687414-1a3b-4a44-841e-b071d3d0cd67" testListId="8c84fa94-04c1-424b-9868-57a2d4851a1d" />
    <TestEntry testId="f52a664a-b82f-b5a5-67f6-00c23bac0d2a" executionId="148e532b-0749-40d7-97c6-f76ff63a164c" testListId="8c84fa94-04c1-424b-9868-57a2d4851a1d" />
    <TestEntry testId="f71858f3-f563-da6e-2eab-ae1f309c3f5b" executionId="6d7e0a26-1341-4ffc-b093-556ab0cd58ff" testListId="8c84fa94-04c1-424b-9868-57a2d4851a1d" />
  </TestEntries>
  <Results>
    <UnitTestResult executionId="75e83d9a-95f2-4cfa-8b18-8375dd8ffe24" testId="10c32a00-0465-17be-2ae0-155929228565" testName="PerformListOfOperations" computerName="SKL-VISAR-ELMA1" duration="00:00:08.4553052" startTime="2015-06-15T13:36:55.5996409+02:00" endTime="2015-06-15T13:37:04.2944346+02:00" testType="13cdc9d9-ddb5-4fa4-a97d-d965ccfc6d4b" outcome="Passed" testListId="8c84fa94-04c1-424b-9868-57a2d4851a1d" relativeResultsDirectory="75e83d9a-95f2-4cfa-8b18-8375dd8ffe24">
      <Output>
        <StdOut>Given I open calculator
-&gt; done: CalculatorSteps.GivenIOpenCalculator() (5.9s)
When Calculate
  --- table step argument ---
  | a    | op | b    | equals |
  | 5.33 | +  | 4.67 | 10.0   |
  | 3.33 | x  | 3.00 | 9.99   |
  | 3.33 | x  | 3.00 | 9.99   |
  | 3.33 | x  | 3.00 | 9.99   |
  | 3.33 | x  | 3.00 | 9.99   |
  | 3.33 | x  | 3.00 | 9.99   |
  | 3.33 | x  | 3.00 | 9.99   |
  | 3.33 | x  | 3.00 | 9.99   |
  | 3.33 | x  | 3.00 | 9.99   |
-&gt; done: CalculatorSteps.WhenCalculate(&lt;table&gt;) (2.5s)</StdOut>
      </Output>
    </UnitTestResult>
    <UnitTestResult executionId="43283285-bc7e-4363-b0eb-0572ef01dc83" testId="63f9fb13-8618-1764-fc21-d9118ddedef5" testName="SubstractTwoNumbers" computerName="SKL-VISAR-ELMA1" duration="00:00:00.5396856" startTime="2015-06-15T13:37:04.2964376+02:00" endTime="2015-06-15T13:37:04.8388428+02:00" testType="13cdc9d9-ddb5-4fa4-a97d-d965ccfc6d4b" outcome="Passed" testListId="8c84fa94-04c1-424b-9868-57a2d4851a1d" relativeResultsDirectory="43283285-bc7e-4363-b0eb-0572ef01dc83">
      <Output>
        <StdOut>Given I open calculator
-&gt; done: CalculatorSteps.GivenIOpenCalculator() (0.0s)
When I enter 80.44
-&gt; done: CalculatorSteps.WhenIEnter(80.44) (0.2s)
And I press "-"
-&gt; done: CalculatorSteps.WhenIPress("-") (0.1s)
And I enter 70.33
-&gt; done: CalculatorSteps.WhenIEnter(70.33) (0.2s)
And I press "="
-&gt; done: CalculatorSteps.WhenIPress("=") (0.0s)
Then the result should be 10.11
-&gt; done: CalculatorSteps.ThenTheResultShouldBe(10.11) (0.0s)</StdOut>
      </Output>
    </UnitTestResult>
    <UnitTestResult executionId="28f74d8f-4590-454c-b2e9-1e831742392a" testId="a5d29b20-071c-7dd7-33ce-54f58c98b8a5" testName="DivideTwoNumbers" computerName="SKL-VISAR-ELMA1" duration="00:00:00.5900201" startTime="2015-06-15T13:37:04.8408426+02:00" endTime="2015-06-15T13:37:05.4332641+02:00" testType="13cdc9d9-ddb5-4fa4-a97d-d965ccfc6d4b" outcome="Failed" testListId="8c84fa94-04c1-424b-9868-57a2d4851a1d" relativeResultsDirectory="28f74d8f-4590-454c-b2e9-1e831742392a">
      <Output>
        <StdOut>Given I open calculator
-&gt; done: CalculatorSteps.GivenIOpenCalculator() (0.0s)
When I enter 50.22
-&gt; done: CalculatorSteps.WhenIEnter(50.22) (0.2s)
And I press "/"
-&gt; done: CalculatorSteps.WhenIPress("/") (0.1s)
And I enter 70.33
-&gt; done: CalculatorSteps.WhenIEnter(70.33) (0.2s)
And I press "="
-&gt; done: CalculatorSteps.WhenIPress("=") (0.0s)
Then the result should be 120.55
-&gt; error: Assert.AreEqual failed. Expected:&lt;120.55&gt;. Actual:&lt;70.33&gt;.</StdOut>
        <ErrorInfo>
          <Message>Assert.AreEqual failed. Expected:&lt;120.55&gt;. Actual:&lt;70.33&gt;. </Message>
          <StackTrace>   at CalculatorWebTests.CalculatorSteps.ThenTheResultShouldBe(Double p0) in C:\Users\visar.elmazi\Downloads\QAAutomationSamplev2\QAAutomationSample\CalculatorWebTests\CalculatorSteps.cs:line 67
   at lambda_method(Closure , IContextManager , Double )
   at TechTalk.SpecFlow.Bindings.BindingInvoker.InvokeBinding(IBinding binding, IContextManager contextManager, Object[] arguments, ITestTracer testTracer, TimeSpan&amp; duration)
   at TechTalk.SpecFlow.Infrastructure.TestExecutionEngine.ExecuteStepMatch(BindingMatch match, Object[] arguments)
   at TechTalk.SpecFlow.Infrastructure.TestExecutionEngine.ExecuteStep(StepInstance stepInstance)
   at TechTalk.SpecFlow.Infrastructure.TestExecutionEngine.OnAfterLastStep()
   at TechTalk.SpecFlow.TestRunner.CollectScenarioErrors()
   at CalculatorWebTests.CalculatorFeature.ScenarioCleanup() in C:\Users\visar.elmazi\Downloads\QAAutomationSamplev2\QAAutomationSample\CalculatorWebTests\Calculator.feature.cs:line 0
   at CalculatorWebTests.CalculatorFeature.DivideTwoNumbers() in c:\Users\visar.elmazi\Downloads\QAAutomationSamplev2\QAAutomationSample\CalculatorWebTests\Calculator.feature:line 34
</StackTrace>
        </ErrorInfo>
      </Output>
    </UnitTestResult>
    <UnitTestResult executionId="11687414-1a3b-4a44-841e-b071d3d0cd67" testId="e74dee76-1004-6655-697d-b296c6102100" testName="PerformSetOfOperations" computerName="SKL-VISAR-ELMA1" duration="00:00:00.5627063" startTime="2015-06-15T13:37:05.4352659+02:00" endTime="2015-06-15T13:37:05.9996721+02:00" testType="13cdc9d9-ddb5-4fa4-a97d-d965ccfc6d4b" outcome="Passed" testListId="8c84fa94-04c1-424b-9868-57a2d4851a1d" relativeResultsDirectory="11687414-1a3b-4a44-841e-b071d3d0cd67">
      <Output>
        <StdOut>Given I open calculator
-&gt; done: CalculatorSteps.GivenIOpenCalculator() (0.0s)
When I execute "5+3x4-2x3.33="
-&gt; done: CalculatorSteps.WhenIExecute("5+3x4-2x3.33=") (0.5s)
Then the result should be 99.9
-&gt; done: CalculatorSteps.ThenTheResultShouldBe(99.9) (0.0s)</StdOut>
      </Output>
    </UnitTestResult>
    <UnitTestResult executionId="148e532b-0749-40d7-97c6-f76ff63a164c" testId="f52a664a-b82f-b5a5-67f6-00c23bac0d2a" testName="MultiplyTwoNumbers" computerName="SKL-VISAR-ELMA1" duration="00:00:00.3508221" startTime="2015-06-15T13:37:06.0016688+02:00" endTime="2015-06-15T13:37:06.3539216+02:00" testType="13cdc9d9-ddb5-4fa4-a97d-d965ccfc6d4b" outcome="Passed" testListId="8c84fa94-04c1-424b-9868-57a2d4851a1d" relativeResultsDirectory="148e532b-0749-40d7-97c6-f76ff63a164c">
      <Output>
        <StdOut>Given I open calculator
-&gt; done: CalculatorSteps.GivenIOpenCalculator() (0.0s)
When I enter 5.55
-&gt; done: CalculatorSteps.WhenIEnter(5.55) (0.2s)
And I press "x"
-&gt; done: CalculatorSteps.WhenIPress("x") (0.0s)
And I enter 2.0
-&gt; done: CalculatorSteps.WhenIEnter(2) (0.1s)
And I press "="
-&gt; done: CalculatorSteps.WhenIPress("=") (0.0s)
Then the result should be 11.10
-&gt; done: CalculatorSteps.ThenTheResultShouldBe(11.1) (0.0s)</StdOut>
      </Output>
    </UnitTestResult>
    <UnitTestResult executionId="6d7e0a26-1341-4ffc-b093-556ab0cd58ff" testId="f71858f3-f563-da6e-2eab-ae1f309c3f5b" testName="AddTwoNumbers" computerName="SKL-VISAR-ELMA1" duration="00:00:00.4990326" startTime="2015-06-15T13:37:06.3569225+02:00" endTime="2015-06-15T13:37:06.8582977+02:00" testType="13cdc9d9-ddb5-4fa4-a97d-d965ccfc6d4b" outcome="Passed" testListId="8c84fa94-04c1-424b-9868-57a2d4851a1d" relativeResultsDirectory="6d7e0a26-1341-4ffc-b093-556ab0cd58ff">
      <Output>
        <StdOut>Given I open calculator
-&gt; done: CalculatorSteps.GivenIOpenCalculator() (0.0s)
When I enter 50.22
-&gt; done: CalculatorSteps.WhenIEnter(50.22) (0.2s)
And I press "+"
-&gt; done: CalculatorSteps.WhenIPress("+") (0.0s)
And I enter 70.33
-&gt; done: CalculatorSteps.WhenIEnter(70.33) (0.2s)
And I press "="
-&gt; done: CalculatorSteps.WhenIPress("=") (0.0s)
Then the result should be 120.55
-&gt; done: CalculatorSteps.ThenTheResultShouldBe(120.55) (0.0s)</StdOut>
      </Output>
    </UnitTestResult>
  </Results>
</TestRun>